<?xml version="1.0" encoding="utf-8"?><testsuites name="pytest tests"><testsuite name="pytest" errors="0" failures="0" skipped="0" tests="11" time="3.238" timestamp="2026-04-30T20:10:33.303698+00:00" hostname="agent-env-9e05a105-bea7-4448-b4ad-6f8587237aeb"><testcase classname="backend.tests.backend_test" name="test_health" time="0.151" /><testcase classname="backend.tests.backend_test" name="test_admin_login" time="0.296" /><testcase classname="backend.tests.backend_test" name="test_login_invalid" time="0.302" /><testcase classname="backend.tests.backend_test" name="test_register_duplicate" time="0.354" /><testcase classname="backend.tests.backend_test" name="test_me_requires_auth" time="0.216" /><testcase classname="backend.tests.backend_test" name="test_me_ok" time="0.128" /><testcase classname="backend.tests.backend_test" name="test_habit_crud_and_complete" time="0.336" /><testcase classname="backend.tests.backend_test" name="test_habit_difficulty_coins" time="0.330" /><testcase classname="backend.tests.backend_test" name="test_task_flow" time="0.378" /><testcase classname="backend.tests.backend_test" name="test_reward_flow" time="0.603" /><testcase classname="backend.tests.backend_test" name="test_stats" time="0.055" /></testsuite></testsuites>